E:\算法精解源码工作空间\MASTERALOG\LIST\DEBUG\EX-1.OBJ
E:\算法精解源码工作空间\MASTERALOG\LIST\DEBUG\LIST.OBJ
E:\算法精解源码工作空间\MASTERALOG\LIST\DEBUG\VC110.PDB
E:\算法精解源码工作空间\MASTERALOG\DEBUG\LIST.ILK
E:\算法精解源码工作空间\MASTERALOG\DEBUG\LIST.EXE
E:\算法精解源码工作空间\MASTERALOG\DEBUG\LIST.PDB
E:\算法精解源码工作空间\MasterAlog\List\Debug\ex-1.obj
E:\算法精解源码工作空间\MasterAlog\List\Debug\list.obj
E:\算法精解源码工作空间\MasterAlog\List\Debug\cl.command.1.tlog
E:\算法精解源码工作空间\MasterAlog\List\Debug\CL.read.1.tlog
E:\算法精解源码工作空间\MasterAlog\List\Debug\CL.write.1.tlog
E:\算法精解源码工作空间\MasterAlog\List\Debug\link-cvtres.read.1.tlog
E:\算法精解源码工作空间\MasterAlog\List\Debug\link-cvtres.write.1.tlog
E:\算法精解源码工作空间\MasterAlog\List\Debug\link-rc.read.1.tlog
E:\算法精解源码工作空间\MasterAlog\List\Debug\link-rc.write.1.tlog
E:\算法精解源码工作空间\MasterAlog\List\Debug\link.command.1.tlog
E:\算法精解源码工作空间\MasterAlog\List\Debug\link.read.1.tlog
E:\算法精解源码工作空间\MasterAlog\List\Debug\link.write.1.tlog
E:\算法精解源码工作空间\MasterAlog\List\Debug\vc110.idb
E:\算法精解源码工作空间\MasterAlog\List\Debug\vc110.pdb
E:\算法精解源码工作空间\MasterAlog\Debug\List.pdb
E:\算法精解源码工作空间\MasterAlog\Debug\List.exe
E:\算法精解源码工作空间\MasterAlog\Debug\List.ilk
